<testsuite name="controlled-stock-flows-test-suite" time="4.705" failures="0" errors="0" skipped="2" tests="4">
  <properties>
[...]
</properties>
  <testcase time="0.0" name="controlled-stock-flows-test-suite-post-success" classname="controlled-stock-flows-test-suite">
    <skipped/>
  </testcase>
  <testcase time="0.0" name="controlled-stock-flows-test-suite-getQuote-success" classname="controlled-stock-flows-test-suite">
    <skipped/>
  </testcase>
  <testcase time="0.187" name="controlled-stock-flows-test-suite-post:/register:application/json:controlled-stock-api-configTest" classname="controlled-stock-flows-test-suite"/>
  <testcase time="3.318" name="controlled-stock-flows-test-suite-post:/getquote:application/json:controlled-stock-api-configTest" classname="controlled-stock-flows-test-suite"/>
</testsuite>